2026-04-13 03:58:16,727 INFO o.s.o.j.AbstractEntityManagerFactoryBean {destroy} [SpringApplicationShutdownHook] Closing JPA EntityManagerFactory for persistence unit 'default'
2026-04-13 03:58:16,742 INFO c.z.h.HikariDataSource {close} [SpringApplicationShutdownHook] HikariPool-1 - Shutdown initiated...
2026-04-13 03:58:16,746 INFO c.z.h.HikariDataSource {close} [SpringApplicationShutdownHook] HikariPool-1 - Shutdown completed.
2026-04-13 16:15:28,755 INFO o.h.v.i.u.Version {<clinit>} [background-preinit] HV000001: Hibernate Validator 8.0.1.Final
2026-04-13 16:15:28,803 INFO o.s.b.StartupInfoLogger {logStarting} [main] Starting AdodasApiApplication using Java 21.0.1 with PID 5568 (C:\Users\mauro\Documents\Adodas\adodas_api\target\classes started by mauro in C:\Users\mauro\Documents\Adodas\adodas_api)
2026-04-13 16:15:28,804 INFO o.s.b.SpringApplication {logStartupProfileInfo} [main] No active profile set, falling back to 1 default profile: "default"
2026-04-13 16:15:29,609 INFO o.s.d.r.c.RepositoryConfigurationDelegate {registerRepositoriesIn} [main] Bootstrapping Spring Data JPA repositories in DEFAULT mode.
2026-04-13 16:15:29,706 INFO o.s.d.r.c.RepositoryConfigurationDelegate {registerRepositoriesIn} [main] Finished Spring Data repository scanning in 86 ms. Found 5 JPA repository interfaces.
2026-04-13 16:15:30,359 INFO o.s.b.w.e.t.TomcatWebServer {initialize} [main] Tomcat initialized with port 8081 (http)
2026-04-13 16:15:30,378 INFO o.a.j.l.DirectJDKLog {log} [main] Initializing ProtocolHandler ["http-nio-8081"]
2026-04-13 16:15:30,381 INFO o.a.j.l.DirectJDKLog {log} [main] Starting service [Tomcat]
2026-04-13 16:15:30,381 INFO o.a.j.l.DirectJDKLog {log} [main] Starting Servlet engine: [Apache Tomcat/10.1.33]
2026-04-13 16:15:30,473 INFO o.a.j.l.DirectJDKLog {log} [main] Initializing Spring embedded WebApplicationContext
2026-04-13 16:15:30,475 INFO o.s.b.w.s.c.ServletWebServerApplicationContext {prepareWebApplicationContext} [main] Root WebApplicationContext: initialization completed in 1629 ms
2026-04-13 16:15:30,665 INFO o.h.j.i.u.LogHelper {logPersistenceUnitInformation} [main] HHH000204: Processing PersistenceUnitInfo [name: default]
2026-04-13 16:15:30,752 INFO o.h.Version {logVersion} [main] HHH000412: Hibernate ORM core version 6.5.3.Final
2026-04-13 16:15:30,805 INFO o.h.c.i.RegionFactoryInitiator {initiateService} [main] HHH000026: Second-level cache disabled
2026-04-13 16:15:31,149 INFO o.s.o.j.p.SpringPersistenceUnitInfo {addTransformer} [main] No LoadTimeWeaver setup: ignoring JPA class transformer
2026-04-13 16:15:31,178 INFO c.z.h.HikariDataSource {getConnection} [main] HikariPool-1 - Starting...
2026-04-13 16:15:31,278 INFO c.z.h.p.HikariPool {checkFailFast} [main] HikariPool-1 - Added connection org.mariadb.jdbc.Connection@4abbe41c
2026-04-13 16:15:31,280 INFO c.z.h.HikariDataSource {getConnection} [main] HikariPool-1 - Start completed.
2026-04-13 16:15:32,304 INFO o.h.e.t.j.p.i.JtaPlatformInitiator {initiateService} [main] HHH000489: No JTA platform available (set 'hibernate.transaction.jta.platform' to enable JTA platform integration)
2026-04-13 16:15:32,378 INFO o.s.o.j.AbstractEntityManagerFactoryBean {buildNativeEntityManagerFactory} [main] Initialized JPA EntityManagerFactory for persistence unit 'default'
2026-04-13 16:15:32,729 INFO o.s.d.j.r.q.QueryEnhancerFactory {<clinit>} [main] Hibernate is in classpath; If applicable, HQL parser will be used.
2026-04-13 16:15:33,745 INFO o.a.j.l.DirectJDKLog {log} [main] Starting ProtocolHandler ["http-nio-8081"]
2026-04-13 16:15:33,778 INFO o.s.b.w.e.t.TomcatWebServer {start} [main] Tomcat started on port 8081 (http) with context path '/'
2026-04-13 16:15:33,788 INFO o.s.b.StartupInfoLogger {logStarted} [main] Started AdodasApiApplication in 5.535 seconds (process running for 8.237)
2026-04-13 23:50:44,777 WARN c.z.h.p.HikariPool$HouseKeeper {run} [HikariPool-1 housekeeper] HikariPool-1 - Thread starvation or clock leap detected (housekeeper delta=1h37m37s850ms411µs800ns).
