2026-04-12 18:10:53,552 INFO o.h.v.i.u.Version {<clinit>} [background-preinit] HV000001: Hibernate Validator 8.0.1.Final
2026-04-12 18:10:53,594 INFO o.s.b.StartupInfoLogger {logStarting} [main] Starting AdodasApiApplication using Java 21.0.1 with PID 26544 (C:\Users\mauro\Documents\Adodas\adodas_api\target\classes started by mauro in C:\Users\mauro\Documents\Adodas\adodas_api)
2026-04-12 18:10:53,594 INFO o.s.b.SpringApplication {logStartupProfileInfo} [main] No active profile set, falling back to 1 default profile: "default"
2026-04-12 18:10:54,254 INFO o.s.d.r.c.RepositoryConfigurationDelegate {registerRepositoriesIn} [main] Bootstrapping Spring Data JPA repositories in DEFAULT mode.
2026-04-12 18:10:54,335 INFO o.s.d.r.c.RepositoryConfigurationDelegate {registerRepositoriesIn} [main] Finished Spring Data repository scanning in 74 ms. Found 5 JPA repository interfaces.
2026-04-12 18:10:54,978 INFO o.s.b.w.e.t.TomcatWebServer {initialize} [main] Tomcat initialized with port 8080 (http)
2026-04-12 18:10:54,995 INFO o.a.j.l.DirectJDKLog {log} [main] Initializing ProtocolHandler ["http-nio-8080"]
2026-04-12 18:10:55,000 INFO o.a.j.l.DirectJDKLog {log} [main] Starting service [Tomcat]
2026-04-12 18:10:55,001 INFO o.a.j.l.DirectJDKLog {log} [main] Starting Servlet engine: [Apache Tomcat/10.1.33]
2026-04-12 18:10:55,099 INFO o.a.j.l.DirectJDKLog {log} [main] Initializing Spring embedded WebApplicationContext
2026-04-12 18:10:55,100 INFO o.s.b.w.s.c.ServletWebServerApplicationContext {prepareWebApplicationContext} [main] Root WebApplicationContext: initialization completed in 1473 ms
2026-04-12 18:10:55,299 INFO o.h.j.i.u.LogHelper {logPersistenceUnitInformation} [main] HHH000204: Processing PersistenceUnitInfo [name: default]
2026-04-12 18:10:55,384 INFO o.h.Version {logVersion} [main] HHH000412: Hibernate ORM core version 6.5.3.Final
2026-04-12 18:10:55,427 INFO o.h.c.i.RegionFactoryInitiator {initiateService} [main] HHH000026: Second-level cache disabled
2026-04-12 18:10:55,727 INFO o.s.o.j.p.SpringPersistenceUnitInfo {addTransformer} [main] No LoadTimeWeaver setup: ignoring JPA class transformer
2026-04-12 18:10:55,753 INFO c.z.h.HikariDataSource {getConnection} [main] HikariPool-1 - Starting...
2026-04-12 18:10:55,869 INFO c.z.h.p.HikariPool {checkFailFast} [main] HikariPool-1 - Added connection org.mariadb.jdbc.Connection@3d033453
2026-04-12 18:10:55,871 INFO c.z.h.HikariDataSource {getConnection} [main] HikariPool-1 - Start completed.
2026-04-12 18:10:56,746 INFO o.h.e.t.j.p.i.JtaPlatformInitiator {initiateService} [main] HHH000489: No JTA platform available (set 'hibernate.transaction.jta.platform' to enable JTA platform integration)
2026-04-12 18:10:56,850 INFO o.s.o.j.AbstractEntityManagerFactoryBean {buildNativeEntityManagerFactory} [main] Initialized JPA EntityManagerFactory for persistence unit 'default'
2026-04-12 18:10:57,145 INFO o.s.d.j.r.q.QueryEnhancerFactory {<clinit>} [main] Hibernate is in classpath; If applicable, HQL parser will be used.
2026-04-12 18:10:58,137 INFO o.a.j.l.DirectJDKLog {log} [main] Starting ProtocolHandler ["http-nio-8080"]
2026-04-12 18:10:58,167 INFO o.s.b.w.e.t.TomcatWebServer {start} [main] Tomcat started on port 8080 (http) with context path '/'
2026-04-12 18:10:58,176 INFO o.s.b.StartupInfoLogger {logStarted} [main] Started AdodasApiApplication in 5.027 seconds (process running for 7.176)
2026-04-12 18:12:33,692 INFO o.s.o.j.AbstractEntityManagerFactoryBean {destroy} [SpringApplicationShutdownHook] Closing JPA EntityManagerFactory for persistence unit 'default'
2026-04-12 18:12:33,694 INFO c.z.h.HikariDataSource {close} [SpringApplicationShutdownHook] HikariPool-1 - Shutdown initiated...
2026-04-12 18:12:33,697 INFO c.z.h.HikariDataSource {close} [SpringApplicationShutdownHook] HikariPool-1 - Shutdown completed.
2026-04-12 18:13:43,927 INFO o.h.v.i.u.Version {<clinit>} [background-preinit] HV000001: Hibernate Validator 8.0.1.Final
2026-04-12 18:13:43,962 INFO o.s.b.StartupInfoLogger {logStarting} [main] Starting AdodasApiApplication using Java 21.0.1 with PID 3116 (C:\Users\mauro\Documents\Adodas\adodas_api\target\classes started by mauro in C:\Users\mauro\Documents\Adodas\adodas_api)
2026-04-12 18:13:43,963 INFO o.s.b.SpringApplication {logStartupProfileInfo} [main] No active profile set, falling back to 1 default profile: "default"
2026-04-12 18:13:44,606 INFO o.s.d.r.c.RepositoryConfigurationDelegate {registerRepositoriesIn} [main] Bootstrapping Spring Data JPA repositories in DEFAULT mode.
2026-04-12 18:13:44,690 INFO o.s.d.r.c.RepositoryConfigurationDelegate {registerRepositoriesIn} [main] Finished Spring Data repository scanning in 77 ms. Found 5 JPA repository interfaces.
2026-04-12 18:13:45,239 INFO o.s.b.w.e.t.TomcatWebServer {initialize} [main] Tomcat initialized with port 8080 (http)
2026-04-12 18:13:45,253 INFO o.a.j.l.DirectJDKLog {log} [main] Initializing ProtocolHandler ["http-nio-8080"]
2026-04-12 18:13:45,255 INFO o.a.j.l.DirectJDKLog {log} [main] Starting service [Tomcat]
2026-04-12 18:13:45,255 INFO o.a.j.l.DirectJDKLog {log} [main] Starting Servlet engine: [Apache Tomcat/10.1.33]
2026-04-12 18:13:45,318 INFO o.a.j.l.DirectJDKLog {log} [main] Initializing Spring embedded WebApplicationContext
2026-04-12 18:13:45,319 INFO o.s.b.w.s.c.ServletWebServerApplicationContext {prepareWebApplicationContext} [main] Root WebApplicationContext: initialization completed in 1318 ms
2026-04-12 18:13:45,473 INFO o.h.j.i.u.LogHelper {logPersistenceUnitInformation} [main] HHH000204: Processing PersistenceUnitInfo [name: default]
2026-04-12 18:13:45,532 INFO o.h.Version {logVersion} [main] HHH000412: Hibernate ORM core version 6.5.3.Final
2026-04-12 18:13:45,566 INFO o.h.c.i.RegionFactoryInitiator {initiateService} [main] HHH000026: Second-level cache disabled
2026-04-12 18:13:45,811 INFO o.s.o.j.p.SpringPersistenceUnitInfo {addTransformer} [main] No LoadTimeWeaver setup: ignoring JPA class transformer
2026-04-12 18:13:45,833 INFO c.z.h.HikariDataSource {getConnection} [main] HikariPool-1 - Starting...
2026-04-12 18:13:45,909 INFO c.z.h.p.HikariPool {checkFailFast} [main] HikariPool-1 - Added connection org.mariadb.jdbc.Connection@7c3c453b
2026-04-12 18:13:45,911 INFO c.z.h.HikariDataSource {getConnection} [main] HikariPool-1 - Start completed.
2026-04-12 18:13:46,662 INFO o.h.e.t.j.p.i.JtaPlatformInitiator {initiateService} [main] HHH000489: No JTA platform available (set 'hibernate.transaction.jta.platform' to enable JTA platform integration)
2026-04-12 18:13:46,712 INFO o.s.o.j.AbstractEntityManagerFactoryBean {buildNativeEntityManagerFactory} [main] Initialized JPA EntityManagerFactory for persistence unit 'default'
2026-04-12 18:13:46,982 INFO o.s.d.j.r.q.QueryEnhancerFactory {<clinit>} [main] Hibernate is in classpath; If applicable, HQL parser will be used.
2026-04-12 18:13:48,003 INFO o.a.j.l.DirectJDKLog {log} [main] Starting ProtocolHandler ["http-nio-8080"]
2026-04-12 18:13:48,013 WARN o.s.c.s.AbstractApplicationContext {refresh} [main] Exception encountered during context initialization - cancelling refresh attempt: org.springframework.context.ApplicationContextException: Failed to start bean 'webServerStartStop'
2026-04-12 18:13:48,014 INFO o.s.o.j.AbstractEntityManagerFactoryBean {destroy} [main] Closing JPA EntityManagerFactory for persistence unit 'default'
2026-04-12 18:13:48,017 INFO c.z.h.HikariDataSource {close} [main] HikariPool-1 - Shutdown initiated...
2026-04-12 18:13:48,021 INFO c.z.h.HikariDataSource {close} [main] HikariPool-1 - Shutdown completed.
2026-04-12 18:13:48,037 INFO o.s.b.a.l.ConditionEvaluationReportLogger {logMessage} [main] 

Error starting ApplicationContext. To display the condition evaluation report re-run your application with 'debug' enabled.
2026-04-12 18:13:48,083 ERROR o.s.b.d.LoggingFailureAnalysisReporter {report} [main] 

***************************
APPLICATION FAILED TO START
***************************

Description:

Web server failed to start. Port 8080 was already in use.

Action:

Identify and stop the process that's listening on port 8080 or configure this application to listen on another port.

2026-04-12 18:16:42,225 INFO o.h.v.i.u.Version {<clinit>} [background-preinit] HV000001: Hibernate Validator 8.0.1.Final
2026-04-12 18:16:42,259 INFO o.s.b.StartupInfoLogger {logStarting} [main] Starting AdodasApiApplication using Java 21.0.1 with PID 11808 (C:\Users\mauro\Documents\Adodas\adodas_api\target\classes started by mauro in C:\Users\mauro\Documents\Adodas\adodas_api)
2026-04-12 18:16:42,260 INFO o.s.b.SpringApplication {logStartupProfileInfo} [main] No active profile set, falling back to 1 default profile: "default"
2026-04-12 18:16:42,796 INFO o.s.d.r.c.RepositoryConfigurationDelegate {registerRepositoriesIn} [main] Bootstrapping Spring Data JPA repositories in DEFAULT mode.
2026-04-12 18:16:42,882 INFO o.s.d.r.c.RepositoryConfigurationDelegate {registerRepositoriesIn} [main] Finished Spring Data repository scanning in 75 ms. Found 5 JPA repository interfaces.
2026-04-12 18:16:43,415 INFO o.s.b.w.e.t.TomcatWebServer {initialize} [main] Tomcat initialized with port 8081 (http)
2026-04-12 18:16:43,435 INFO o.a.j.l.DirectJDKLog {log} [main] Initializing ProtocolHandler ["http-nio-8081"]
2026-04-12 18:16:43,438 INFO o.a.j.l.DirectJDKLog {log} [main] Starting service [Tomcat]
2026-04-12 18:16:43,439 INFO o.a.j.l.DirectJDKLog {log} [main] Starting Servlet engine: [Apache Tomcat/10.1.33]
2026-04-12 18:16:43,514 INFO o.a.j.l.DirectJDKLog {log} [main] Initializing Spring embedded WebApplicationContext
2026-04-12 18:16:43,515 INFO o.s.b.w.s.c.ServletWebServerApplicationContext {prepareWebApplicationContext} [main] Root WebApplicationContext: initialization completed in 1225 ms
2026-04-12 18:16:43,705 INFO o.h.j.i.u.LogHelper {logPersistenceUnitInformation} [main] HHH000204: Processing PersistenceUnitInfo [name: default]
2026-04-12 18:16:43,759 INFO o.h.Version {logVersion} [main] HHH000412: Hibernate ORM core version 6.5.3.Final
2026-04-12 18:16:43,793 INFO o.h.c.i.RegionFactoryInitiator {initiateService} [main] HHH000026: Second-level cache disabled
2026-04-12 18:16:44,061 INFO o.s.o.j.p.SpringPersistenceUnitInfo {addTransformer} [main] No LoadTimeWeaver setup: ignoring JPA class transformer
2026-04-12 18:16:44,080 INFO c.z.h.HikariDataSource {getConnection} [main] HikariPool-1 - Starting...
2026-04-12 18:16:44,149 INFO c.z.h.p.HikariPool {checkFailFast} [main] HikariPool-1 - Added connection org.mariadb.jdbc.Connection@6b24ddd7
2026-04-12 18:16:44,150 INFO c.z.h.HikariDataSource {getConnection} [main] HikariPool-1 - Start completed.
2026-04-12 18:16:44,827 INFO o.h.e.t.j.p.i.JtaPlatformInitiator {initiateService} [main] HHH000489: No JTA platform available (set 'hibernate.transaction.jta.platform' to enable JTA platform integration)
2026-04-12 18:16:44,868 INFO o.s.o.j.AbstractEntityManagerFactoryBean {buildNativeEntityManagerFactory} [main] Initialized JPA EntityManagerFactory for persistence unit 'default'
2026-04-12 18:16:45,143 INFO o.s.d.j.r.q.QueryEnhancerFactory {<clinit>} [main] Hibernate is in classpath; If applicable, HQL parser will be used.
2026-04-12 18:16:45,948 INFO o.a.j.l.DirectJDKLog {log} [main] Starting ProtocolHandler ["http-nio-8081"]
2026-04-12 18:16:45,976 INFO o.s.b.w.e.t.TomcatWebServer {start} [main] Tomcat started on port 8081 (http) with context path '/'
2026-04-12 18:16:45,983 INFO o.s.b.StartupInfoLogger {logStarted} [main] Started AdodasApiApplication in 4.134 seconds (process running for 4.413)
2026-04-12 18:24:27,257 INFO o.a.j.l.DirectJDKLog {log} [http-nio-8081-exec-1] Initializing Spring DispatcherServlet 'dispatcherServlet'
2026-04-12 18:24:27,257 INFO o.s.w.s.FrameworkServlet {initServletBean} [http-nio-8081-exec-1] Initializing Servlet 'dispatcherServlet'
2026-04-12 18:24:27,257 INFO o.s.w.s.FrameworkServlet {initServletBean} [http-nio-8081-exec-1] Completed initialization in 0 ms
2026-04-12 18:36:33,007 INFO c.e.d.c.ItemController {getItems} [http-nio-8081-exec-4] BEGIN getItems with filters: brand=null, category=null, price=null
2026-04-12 18:36:48,418 INFO c.e.d.c.ItemController {getItems} [http-nio-8081-exec-5] BEGIN getItems with filters: brand=null, category=null, price=null
2026-04-12 18:36:49,086 INFO c.e.d.c.ItemController {getItems} [http-nio-8081-exec-6] BEGIN getItems with filters: brand=null, category=null, price=null
2026-04-12 18:36:50,193 INFO c.e.d.c.ItemController {getItems} [http-nio-8081-exec-7] BEGIN getItems with filters: brand=null, category=null, price=null
2026-04-12 18:36:50,990 INFO c.e.d.c.ItemController {getItems} [http-nio-8081-exec-8] BEGIN getItems with filters: brand=null, category=null, price=null
2026-04-12 18:36:51,815 INFO c.e.d.c.ItemController {getItems} [http-nio-8081-exec-9] BEGIN getItems with filters: brand=null, category=null, price=null
2026-04-12 18:36:52,608 INFO c.e.d.c.ItemController {getItems} [http-nio-8081-exec-10] BEGIN getItems with filters: brand=null, category=null, price=null
2026-04-12 18:36:53,487 INFO c.e.d.c.ItemController {getItems} [http-nio-8081-exec-1] BEGIN getItems with filters: brand=null, category=null, price=null
2026-04-12 18:36:54,205 INFO c.e.d.c.ItemController {getItems} [http-nio-8081-exec-2] BEGIN getItems with filters: brand=null, category=null, price=null
2026-04-12 18:36:54,984 INFO c.e.d.c.ItemController {getItems} [http-nio-8081-exec-3] BEGIN getItems with filters: brand=null, category=null, price=null
2026-04-12 18:37:33,518 INFO c.e.d.c.ItemController {getItems} [http-nio-8081-exec-4] BEGIN getItems with filters: brand=null, category=null, price=null
