2024-11-21 20:13:04,414 INFO o.h.v.i.u.Version {<clinit>} [background-preinit] HV000001: Hibernate Validator 8.0.1.Final
2024-11-21 20:13:04,443 INFO o.s.b.StartupInfoLogger {logStarting} [main] Starting AdodasApiApplication using Java 21.0.1 with PID 10648 (C:\Users\mauro\Documents\Adodas\adodas_api\target\classes started by mauro in C:\Users\mauro\Documents\Adodas\adodas_api)
2024-11-21 20:13:04,444 INFO o.s.b.SpringApplication {logStartupProfileInfo} [main] No active profile set, falling back to 1 default profile: "default"
2024-11-21 20:13:04,921 INFO o.s.d.r.c.RepositoryConfigurationDelegate {registerRepositoriesIn} [main] Bootstrapping Spring Data JPA repositories in DEFAULT mode.
2024-11-21 20:13:04,937 INFO o.s.d.r.c.RepositoryConfigurationDelegate {registerRepositoriesIn} [main] Finished Spring Data repository scanning in 9 ms. Found 0 JPA repository interfaces.
2024-11-21 20:13:05,332 INFO o.s.b.w.e.t.TomcatWebServer {initialize} [main] Tomcat initialized with port 8080 (http)
2024-11-21 20:13:05,342 INFO o.a.j.l.DirectJDKLog {log} [main] Initializing ProtocolHandler ["http-nio-8080"]
2024-11-21 20:13:05,344 INFO o.a.j.l.DirectJDKLog {log} [main] Starting service [Tomcat]
2024-11-21 20:13:05,344 INFO o.a.j.l.DirectJDKLog {log} [main] Starting Servlet engine: [Apache Tomcat/10.1.33]
2024-11-21 20:13:05,380 INFO o.a.j.l.DirectJDKLog {log} [main] Initializing Spring embedded WebApplicationContext
2024-11-21 20:13:05,380 INFO o.s.b.w.s.c.ServletWebServerApplicationContext {prepareWebApplicationContext} [main] Root WebApplicationContext: initialization completed in 906 ms
2024-11-21 20:13:05,400 INFO c.z.h.HikariDataSource {getConnection} [main] HikariPool-1 - Starting...
2024-11-21 20:13:05,543 INFO c.z.h.p.HikariPool {checkFailFast} [main] HikariPool-1 - Added connection conn0: url=jdbc:h2:file:~/adodas.db user=SA
2024-11-21 20:13:05,545 INFO c.z.h.HikariDataSource {getConnection} [main] HikariPool-1 - Start completed.
2024-11-21 20:13:05,554 INFO o.s.b.a.h.H2ConsoleAutoConfiguration {logDataSources} [main] H2 console available at '/h2-console'. Database available at 'jdbc:h2:file:~/adodas.db'
2024-11-21 20:13:05,695 INFO o.h.j.i.u.LogHelper {logPersistenceUnitInformation} [main] HHH000204: Processing PersistenceUnitInfo [name: default]
2024-11-21 20:13:05,793 INFO o.h.Version {logVersion} [main] HHH000412: Hibernate ORM core version 6.5.3.Final
2024-11-21 20:13:05,839 INFO o.h.c.i.RegionFactoryInitiator {initiateService} [main] HHH000026: Second-level cache disabled
2024-11-21 20:13:06,100 INFO o.s.o.j.p.SpringPersistenceUnitInfo {addTransformer} [main] No LoadTimeWeaver setup: ignoring JPA class transformer
2024-11-21 20:13:06,130 WARN o.h.e.j.d.i.DialectFactoryImpl {constructDialect} [main] HHH90000025: H2Dialect does not need to be specified explicitly using 'hibernate.dialect' (remove the property setting and it will be selected by default)
2024-11-21 20:13:06,709 INFO o.h.e.t.j.p.i.JtaPlatformInitiator {initiateService} [main] HHH000489: No JTA platform available (set 'hibernate.transaction.jta.platform' to enable JTA platform integration)
2024-11-21 20:13:06,755 INFO o.s.o.j.AbstractEntityManagerFactoryBean {buildNativeEntityManagerFactory} [main] Initialized JPA EntityManagerFactory for persistence unit 'default'
2024-11-21 20:13:06,822 WARN o.s.b.a.o.j.JpaBaseConfiguration$JpaWebConfiguration {openEntityManagerInViewInterceptor} [main] spring.jpa.open-in-view is enabled by default. Therefore, database queries may be performed during view rendering. Explicitly configure spring.jpa.open-in-view to disable this warning
2024-11-21 20:13:07,283 INFO o.a.j.l.DirectJDKLog {log} [main] Starting ProtocolHandler ["http-nio-8080"]
2024-11-21 20:13:07,310 INFO o.s.b.w.e.t.TomcatWebServer {start} [main] Tomcat started on port 8080 (http) with context path '/'
2024-11-21 20:13:07,317 INFO o.s.b.StartupInfoLogger {logStarted} [main] Started AdodasApiApplication in 3.229 seconds (process running for 3.454)
2024-11-21 20:13:27,883 INFO o.a.j.l.DirectJDKLog {log} [http-nio-8080-exec-1] Initializing Spring DispatcherServlet 'dispatcherServlet'
2024-11-21 20:13:27,884 INFO o.s.w.s.FrameworkServlet {initServletBean} [http-nio-8080-exec-1] Initializing Servlet 'dispatcherServlet'
2024-11-21 20:13:27,885 INFO o.s.w.s.FrameworkServlet {initServletBean} [http-nio-8080-exec-1] Completed initialization in 1 ms
